2024/12/01 21:49:40 [notice] 1#1: using the "epoll" event method
2024/12/01 21:49:40 [notice] 1#1: nginx/1.27.3
2024/12/01 21:49:40 [notice] 1#1: built by gcc 12.2.0 (Debian 12.2.0-14) 
2024/12/01 21:49:40 [notice] 1#1: OS: Linux 5.15.167.4-microsoft-standard-WSL2
2024/12/01 21:49:40 [notice] 1#1: getrlimit(RLIMIT_NOFILE): 1048576:1048576
2024/12/01 21:49:40 [notice] 1#1: start worker processes
2024/12/01 21:49:40 [notice] 1#1: start worker process 28
2024/12/01 21:49:40 [notice] 1#1: start worker process 29
2024/12/01 21:49:40 [notice] 1#1: start worker process 30
2024/12/01 21:49:40 [notice] 1#1: start worker process 31
2024/12/01 21:49:40 [notice] 1#1: start worker process 32
2024/12/01 21:49:40 [notice] 1#1: start worker process 33
2024/12/01 21:49:40 [notice] 1#1: start worker process 34
2024/12/01 21:49:40 [notice] 1#1: start worker process 35
2024/12/01 22:02:56 [error] 35#35: *13 recv() failed (104: Connection reset by peer) while reading response header from upstream, client: 172.18.0.1, server: , request: "GET /api/users HTTP/1.1", upstream: "fastcgi://172.18.0.5:9000", host: "192.168.31.178:8888"
2024/12/01 22:02:56 [notice] 1#1: signal 3 (SIGQUIT) received, shutting down
2024/12/01 22:02:56 [notice] 28#28: gracefully shutting down
2024/12/01 22:02:56 [notice] 30#30: gracefully shutting down
2024/12/01 22:02:56 [notice] 29#29: gracefully shutting down
2024/12/01 22:02:56 [notice] 29#29: exiting
2024/12/01 22:02:56 [notice] 31#31: gracefully shutting down
2024/12/01 22:02:56 [notice] 35#35: gracefully shutting down
2024/12/01 22:02:56 [notice] 33#33: gracefully shutting down
2024/12/01 22:02:56 [notice] 32#32: gracefully shutting down
2024/12/01 22:02:56 [notice] 34#34: gracefully shutting down
2024/12/01 22:02:56 [notice] 34#34: exiting
2024/12/01 22:02:56 [notice] 30#30: exiting
2024/12/01 22:02:56 [notice] 29#29: exit
2024/12/01 22:02:56 [notice] 31#31: exiting
2024/12/01 22:02:56 [notice] 35#35: exiting
2024/12/01 22:02:56 [notice] 33#33: exiting
2024/12/01 22:02:56 [notice] 32#32: exiting
2024/12/01 22:02:56 [notice] 34#34: exit
2024/12/01 22:02:56 [notice] 30#30: exit
2024/12/01 22:02:56 [notice] 31#31: exit
2024/12/01 22:02:56 [notice] 35#35: exit
2024/12/01 22:02:56 [notice] 33#33: exit
2024/12/01 22:02:56 [notice] 32#32: exit
2024/12/01 22:02:57 [notice] 1#1: signal 17 (SIGCHLD) received from 34
2024/12/01 22:02:57 [notice] 1#1: worker process 34 exited with code 0
2024/12/01 22:02:57 [notice] 1#1: signal 29 (SIGIO) received
2024/12/01 22:02:57 [notice] 1#1: signal 17 (SIGCHLD) received from 32
2024/12/01 22:02:57 [notice] 1#1: worker process 30 exited with code 0
2024/12/01 22:02:57 [notice] 1#1: worker process 31 exited with code 0
2024/12/01 22:02:57 [notice] 1#1: worker process 32 exited with code 0
2024/12/01 22:02:57 [notice] 1#1: signal 29 (SIGIO) received
2024/12/01 22:02:57 [notice] 1#1: signal 17 (SIGCHLD) received from 30
2024/12/01 22:02:57 [notice] 1#1: signal 17 (SIGCHLD) received from 35
2024/12/01 22:02:57 [notice] 1#1: worker process 35 exited with code 0
2024/12/01 22:02:57 [notice] 1#1: signal 29 (SIGIO) received
2024/12/01 22:02:57 [notice] 1#1: signal 17 (SIGCHLD) received from 29
2024/12/01 22:02:57 [notice] 1#1: worker process 29 exited with code 0
2024/12/01 22:02:57 [notice] 1#1: signal 29 (SIGIO) received
2024/12/01 22:02:57 [notice] 1#1: signal 17 (SIGCHLD) received from 33
2024/12/01 22:02:57 [notice] 1#1: worker process 33 exited with code 0
2024/12/01 22:02:57 [notice] 1#1: signal 29 (SIGIO) received
2024/12/01 22:03:05 [error] 28#28: *14 connect() failed (111: Connection refused) while connecting to upstream, client: 172.18.0.1, server: , request: "GET /api/users HTTP/1.1", upstream: "fastcgi://172.18.0.5:9000", host: "192.168.31.178:8888"
2024/12/01 22:03:05 [notice] 28#28: exiting
2024/12/01 22:03:05 [notice] 28#28: exit
2024/12/01 22:03:05 [notice] 1#1: signal 17 (SIGCHLD) received from 28
2024/12/01 22:03:05 [notice] 1#1: worker process 28 exited with code 0
2024/12/01 22:03:05 [notice] 1#1: exit
2024/12/01 22:03:10 [notice] 1#1: using the "epoll" event method
2024/12/01 22:03:10 [notice] 1#1: nginx/1.27.3
2024/12/01 22:03:10 [notice] 1#1: built by gcc 12.2.0 (Debian 12.2.0-14) 
2024/12/01 22:03:10 [notice] 1#1: OS: Linux 5.15.167.4-microsoft-standard-WSL2
2024/12/01 22:03:10 [notice] 1#1: getrlimit(RLIMIT_NOFILE): 1048576:1048576
2024/12/01 22:03:10 [notice] 1#1: start worker processes
2024/12/01 22:03:10 [notice] 1#1: start worker process 28
2024/12/01 22:03:10 [notice] 1#1: start worker process 29
2024/12/01 22:03:10 [notice] 1#1: start worker process 30
2024/12/01 22:03:10 [notice] 1#1: start worker process 31
2024/12/01 22:03:10 [notice] 1#1: start worker process 32
2024/12/01 22:03:10 [notice] 1#1: start worker process 33
2024/12/01 22:03:10 [notice] 1#1: start worker process 34
2024/12/01 22:03:10 [notice] 1#1: start worker process 35
2024/12/01 22:04:01 [notice] 1#1: signal 3 (SIGQUIT) received, shutting down
2024/12/01 22:04:01 [notice] 28#28: gracefully shutting down
2024/12/01 22:04:01 [notice] 29#29: gracefully shutting down
2024/12/01 22:04:01 [notice] 30#30: gracefully shutting down
2024/12/01 22:04:01 [notice] 31#31: gracefully shutting down
2024/12/01 22:04:01 [notice] 31#31: exiting
2024/12/01 22:04:01 [notice] 32#32: gracefully shutting down
2024/12/01 22:04:01 [notice] 32#32: exiting
2024/12/01 22:04:01 [notice] 33#33: gracefully shutting down
2024/12/01 22:04:01 [notice] 34#34: gracefully shutting down
2024/12/01 22:04:01 [notice] 34#34: exiting
2024/12/01 22:04:01 [notice] 35#35: gracefully shutting down
2024/12/01 22:04:01 [notice] 35#35: exiting
2024/12/01 22:04:01 [notice] 28#28: exiting
2024/12/01 22:04:01 [notice] 30#30: exiting
2024/12/01 22:04:01 [notice] 31#31: exit
2024/12/01 22:04:01 [notice] 32#32: exit
2024/12/01 22:04:01 [notice] 33#33: exiting
2024/12/01 22:04:01 [notice] 34#34: exit
2024/12/01 22:04:01 [notice] 35#35: exit
2024/12/01 22:04:01 [notice] 28#28: exit
2024/12/01 22:04:01 [notice] 30#30: exit
2024/12/01 22:04:01 [notice] 33#33: exit
2024/12/01 22:04:01 [notice] 1#1: signal 17 (SIGCHLD) received from 34
2024/12/01 22:04:01 [notice] 1#1: worker process 34 exited with code 0
2024/12/01 22:04:01 [notice] 1#1: signal 29 (SIGIO) received
2024/12/01 22:04:01 [notice] 1#1: signal 17 (SIGCHLD) received from 30
2024/12/01 22:04:01 [notice] 1#1: worker process 30 exited with code 0
2024/12/01 22:04:01 [notice] 1#1: worker process 32 exited with code 0
2024/12/01 22:04:01 [notice] 1#1: signal 29 (SIGIO) received
2024/12/01 22:04:01 [notice] 1#1: signal 17 (SIGCHLD) received from 32
2024/12/01 22:04:01 [notice] 1#1: signal 17 (SIGCHLD) received from 31
2024/12/01 22:04:01 [notice] 1#1: worker process 28 exited with code 0
2024/12/01 22:04:01 [notice] 1#1: worker process 31 exited with code 0
2024/12/01 22:04:01 [notice] 1#1: signal 29 (SIGIO) received
2024/12/01 22:04:01 [notice] 1#1: signal 17 (SIGCHLD) received from 35
2024/12/01 22:04:01 [notice] 1#1: worker process 33 exited with code 0
2024/12/01 22:04:01 [notice] 1#1: worker process 35 exited with code 0
2024/12/01 22:04:01 [notice] 1#1: signal 29 (SIGIO) received
2024/12/01 22:04:01 [notice] 1#1: signal 17 (SIGCHLD) received from 33
2024/12/01 22:04:16 [notice] 1#1: using the "epoll" event method
2024/12/01 22:04:16 [notice] 1#1: nginx/1.27.3
2024/12/01 22:04:16 [notice] 1#1: built by gcc 12.2.0 (Debian 12.2.0-14) 
2024/12/01 22:04:16 [notice] 1#1: OS: Linux 5.15.167.4-microsoft-standard-WSL2
2024/12/01 22:04:16 [notice] 1#1: getrlimit(RLIMIT_NOFILE): 1048576:1048576
2024/12/01 22:04:16 [notice] 1#1: start worker processes
2024/12/01 22:04:16 [notice] 1#1: start worker process 28
2024/12/01 22:04:16 [notice] 1#1: start worker process 29
2024/12/01 22:04:16 [notice] 1#1: start worker process 30
2024/12/01 22:04:16 [notice] 1#1: start worker process 31
2024/12/01 22:04:16 [notice] 1#1: start worker process 32
2024/12/01 22:04:16 [notice] 1#1: start worker process 33
2024/12/01 22:04:16 [notice] 1#1: start worker process 34
2024/12/01 22:04:16 [notice] 1#1: start worker process 35
2024/12/01 22:08:44 [notice] 1#1: signal 3 (SIGQUIT) received, shutting down
2024/12/01 22:08:44 [notice] 28#28: gracefully shutting down
2024/12/01 22:08:44 [notice] 29#29: gracefully shutting down
2024/12/01 22:08:44 [notice] 29#29: exiting
2024/12/01 22:08:44 [notice] 31#31: gracefully shutting down
2024/12/01 22:08:44 [notice] 32#32: gracefully shutting down
2024/12/01 22:08:44 [notice] 30#30: gracefully shutting down
2024/12/01 22:08:44 [notice] 33#33: gracefully shutting down
2024/12/01 22:08:44 [notice] 34#34: gracefully shutting down
2024/12/01 22:08:44 [notice] 34#34: exiting
2024/12/01 22:08:44 [notice] 35#35: gracefully shutting down
2024/12/01 22:08:44 [notice] 28#28: exiting
2024/12/01 22:08:44 [notice] 29#29: exit
2024/12/01 22:08:44 [notice] 32#32: exiting
2024/12/01 22:08:44 [notice] 30#30: exiting
2024/12/01 22:08:44 [notice] 30#30: exit
2024/12/01 22:08:44 [notice] 33#33: exiting
2024/12/01 22:08:44 [notice] 33#33: exit
2024/12/01 22:08:44 [notice] 34#34: exit
2024/12/01 22:08:44 [notice] 35#35: exiting
2024/12/01 22:08:44 [notice] 28#28: exit
2024/12/01 22:08:44 [notice] 32#32: exit
2024/12/01 22:08:44 [notice] 35#35: exit
2024/12/01 22:08:45 [notice] 1#1: signal 17 (SIGCHLD) received from 30
2024/12/01 22:08:45 [notice] 1#1: worker process 28 exited with code 0
2024/12/01 22:08:45 [notice] 1#1: worker process 30 exited with code 0
2024/12/01 22:08:45 [notice] 1#1: signal 29 (SIGIO) received
2024/12/01 22:08:45 [notice] 1#1: signal 17 (SIGCHLD) received from 29
2024/12/01 22:08:45 [notice] 1#1: worker process 29 exited with code 0
2024/12/01 22:08:45 [notice] 1#1: worker process 33 exited with code 0
2024/12/01 22:08:45 [notice] 1#1: signal 29 (SIGIO) received
2024/12/01 22:08:45 [notice] 1#1: signal 17 (SIGCHLD) received from 34
2024/12/01 22:08:45 [notice] 1#1: worker process 34 exited with code 0
2024/12/01 22:08:45 [notice] 1#1: signal 29 (SIGIO) received
2024/12/01 22:08:45 [notice] 1#1: signal 17 (SIGCHLD) received from 35
2024/12/01 22:08:45 [notice] 1#1: worker process 35 exited with code 0
2024/12/01 22:08:45 [notice] 1#1: signal 29 (SIGIO) received
2024/12/01 22:08:45 [notice] 1#1: signal 17 (SIGCHLD) received from 32
2024/12/01 22:08:45 [notice] 1#1: worker process 32 exited with code 0
2024/12/01 22:08:45 [notice] 1#1: signal 29 (SIGIO) received
2024/12/01 22:08:46 [notice] 31#31: exiting
2024/12/01 22:08:46 [notice] 31#31: exit
2024/12/01 22:08:46 [notice] 1#1: signal 17 (SIGCHLD) received from 31
2024/12/01 22:08:46 [notice] 1#1: worker process 31 exited with code 0
2024/12/01 22:08:46 [notice] 1#1: exit
2024/12/01 22:08:57 [notice] 1#1: using the "epoll" event method
2024/12/01 22:08:57 [notice] 1#1: nginx/1.27.3
2024/12/01 22:08:57 [notice] 1#1: built by gcc 12.2.0 (Debian 12.2.0-14) 
2024/12/01 22:08:57 [notice] 1#1: OS: Linux 5.15.167.4-microsoft-standard-WSL2
2024/12/01 22:08:57 [notice] 1#1: getrlimit(RLIMIT_NOFILE): 1048576:1048576
2024/12/01 22:08:57 [notice] 1#1: start worker processes
2024/12/01 22:08:57 [notice] 1#1: start worker process 28
2024/12/01 22:08:57 [notice] 1#1: start worker process 29
2024/12/01 22:08:57 [notice] 1#1: start worker process 30
2024/12/01 22:08:57 [notice] 1#1: start worker process 31
2024/12/01 22:08:57 [notice] 1#1: start worker process 32
2024/12/01 22:08:57 [notice] 1#1: start worker process 33
2024/12/01 22:08:57 [notice] 1#1: start worker process 34
2024/12/01 22:08:57 [notice] 1#1: start worker process 35
2024/12/01 22:09:14 [notice] 1#1: using the "epoll" event method
2024/12/01 22:09:14 [notice] 1#1: nginx/1.27.3
2024/12/01 22:09:14 [notice] 1#1: built by gcc 12.2.0 (Debian 12.2.0-14) 
2024/12/01 22:09:14 [notice] 1#1: OS: Linux 5.15.167.4-microsoft-standard-WSL2
2024/12/01 22:09:14 [notice] 1#1: getrlimit(RLIMIT_NOFILE): 1048576:1048576
2024/12/01 22:09:14 [notice] 1#1: start worker processes
2024/12/01 22:09:14 [notice] 1#1: start worker process 28
2024/12/01 22:09:14 [notice] 1#1: start worker process 29
2024/12/01 22:09:14 [notice] 1#1: start worker process 30
2024/12/01 22:09:14 [notice] 1#1: start worker process 31
2024/12/01 22:09:14 [notice] 1#1: start worker process 32
2024/12/01 22:09:14 [notice] 1#1: start worker process 33
2024/12/01 22:09:14 [notice] 1#1: start worker process 34
2024/12/01 22:09:14 [notice] 1#1: start worker process 35
2024/12/01 22:11:16 [notice] 1#1: signal 3 (SIGQUIT) received, shutting down
2024/12/01 22:11:16 [notice] 28#28: gracefully shutting down
2024/12/01 22:11:16 [notice] 28#28: exiting
2024/12/01 22:11:16 [notice] 32#32: gracefully shutting down
2024/12/01 22:11:16 [notice] 29#29: gracefully shutting down
2024/12/01 22:11:16 [notice] 29#29: exiting
2024/12/01 22:11:16 [notice] 29#29: exit
2024/12/01 22:11:16 [notice] 30#30: gracefully shutting down
2024/12/01 22:11:16 [notice] 31#31: gracefully shutting down
2024/12/01 22:11:16 [notice] 33#33: gracefully shutting down
2024/12/01 22:11:16 [notice] 34#34: gracefully shutting down
2024/12/01 22:11:16 [notice] 35#35: gracefully shutting down
2024/12/01 22:11:16 [notice] 35#35: exiting
2024/12/01 22:11:16 [notice] 28#28: exit
2024/12/01 22:11:16 [notice] 32#32: exiting
2024/12/01 22:11:16 [notice] 32#32: exit
2024/12/01 22:11:16 [notice] 30#30: exiting
2024/12/01 22:11:16 [notice] 31#31: exiting
2024/12/01 22:11:16 [notice] 33#33: exiting
2024/12/01 22:11:16 [notice] 31#31: exit
2024/12/01 22:11:16 [notice] 34#34: exiting
2024/12/01 22:11:16 [notice] 35#35: exit
2024/12/01 22:11:16 [notice] 30#30: exit
2024/12/01 22:11:16 [notice] 33#33: exit
2024/12/01 22:11:16 [notice] 34#34: exit
2024/12/01 22:11:16 [notice] 1#1: signal 17 (SIGCHLD) received from 30
2024/12/01 22:11:16 [notice] 1#1: worker process 29 exited with code 0
2024/12/01 22:11:16 [notice] 1#1: worker process 30 exited with code 0
2024/12/01 22:11:16 [notice] 1#1: worker process 31 exited with code 0
2024/12/01 22:11:16 [notice] 1#1: signal 29 (SIGIO) received
2024/12/01 22:11:16 [notice] 1#1: signal 17 (SIGCHLD) received from 29
2024/12/01 22:11:17 [notice] 1#1: signal 17 (SIGCHLD) received from 33
2024/12/01 22:11:17 [notice] 1#1: worker process 28 exited with code 0
2024/12/01 22:11:17 [notice] 1#1: worker process 32 exited with code 0
2024/12/01 22:11:17 [notice] 1#1: worker process 33 exited with code 0
2024/12/01 22:11:17 [notice] 1#1: worker process 34 exited with code 0
2024/12/01 22:11:17 [notice] 1#1: worker process 35 exited with code 0
2024/12/01 22:11:17 [notice] 1#1: exit
2024/12/01 22:11:31 [notice] 1#1: using the "epoll" event method
2024/12/01 22:11:31 [notice] 1#1: nginx/1.27.3
2024/12/01 22:11:31 [notice] 1#1: built by gcc 12.2.0 (Debian 12.2.0-14) 
2024/12/01 22:11:31 [notice] 1#1: OS: Linux 5.15.167.4-microsoft-standard-WSL2
2024/12/01 22:11:31 [notice] 1#1: getrlimit(RLIMIT_NOFILE): 1048576:1048576
2024/12/01 22:11:31 [notice] 1#1: start worker processes
2024/12/01 22:11:31 [notice] 1#1: start worker process 28
2024/12/01 22:11:31 [notice] 1#1: start worker process 29
2024/12/01 22:11:31 [notice] 1#1: start worker process 30
2024/12/01 22:11:31 [notice] 1#1: start worker process 31
2024/12/01 22:11:31 [notice] 1#1: start worker process 32
2024/12/01 22:11:31 [notice] 1#1: start worker process 33
2024/12/01 22:11:31 [notice] 1#1: start worker process 34
2024/12/01 22:11:31 [notice] 1#1: start worker process 35
2024/12/01 22:14:20 [notice] 1#1: signal 3 (SIGQUIT) received, shutting down
2024/12/01 22:14:20 [notice] 28#28: gracefully shutting down
2024/12/01 22:14:20 [notice] 29#29: gracefully shutting down
2024/12/01 22:14:20 [notice] 31#31: gracefully shutting down
2024/12/01 22:14:20 [notice] 30#30: gracefully shutting down
2024/12/01 22:14:20 [notice] 30#30: exiting
2024/12/01 22:14:20 [notice] 32#32: gracefully shutting down
2024/12/01 22:14:20 [notice] 33#33: gracefully shutting down
2024/12/01 22:14:20 [notice] 33#33: exiting
2024/12/01 22:14:20 [notice] 35#35: gracefully shutting down
2024/12/01 22:14:20 [notice] 34#34: gracefully shutting down
2024/12/01 22:14:20 [notice] 29#29: exiting
2024/12/01 22:14:20 [notice] 31#31: exiting
2024/12/01 22:14:20 [notice] 30#30: exit
2024/12/01 22:14:20 [notice] 32#32: exiting
2024/12/01 22:14:20 [notice] 33#33: exit
2024/12/01 22:14:20 [notice] 34#34: exiting
2024/12/01 22:14:20 [notice] 29#29: exit
2024/12/01 22:14:20 [notice] 31#31: exit
2024/12/01 22:14:20 [notice] 32#32: exit
2024/12/01 22:14:20 [notice] 34#34: exit
2024/12/01 22:14:20 [notice] 1#1: signal 17 (SIGCHLD) received from 29
2024/12/01 22:14:20 [notice] 1#1: worker process 29 exited with code 0
2024/12/01 22:14:20 [notice] 1#1: worker process 30 exited with code 0
2024/12/01 22:14:20 [notice] 1#1: worker process 31 exited with code 0
2024/12/01 22:14:20 [notice] 1#1: signal 29 (SIGIO) received
2024/12/01 22:14:20 [notice] 1#1: signal 17 (SIGCHLD) received from 33
2024/12/01 22:14:20 [notice] 1#1: worker process 33 exited with code 0
2024/12/01 22:14:20 [notice] 1#1: signal 29 (SIGIO) received
2024/12/01 22:14:20 [notice] 1#1: signal 17 (SIGCHLD) received from 32
2024/12/01 22:14:20 [notice] 1#1: worker process 32 exited with code 0
2024/12/01 22:14:20 [notice] 1#1: signal 29 (SIGIO) received
2024/12/01 22:14:20 [notice] 1#1: signal 17 (SIGCHLD) received from 34
2024/12/01 22:14:20 [notice] 1#1: worker process 34 exited with code 0
2024/12/01 22:14:20 [notice] 1#1: signal 29 (SIGIO) received
2024/12/01 22:14:26 [notice] 35#35: exiting
2024/12/01 22:14:26 [notice] 35#35: exit
2024/12/01 22:14:26 [notice] 1#1: signal 17 (SIGCHLD) received from 35
2024/12/01 22:14:26 [notice] 1#1: worker process 35 exited with code 0
2024/12/01 22:14:26 [notice] 1#1: signal 29 (SIGIO) received
